<?xml version="1.0" encoding="UTF-8"?>
<!-- Generated by org.testng.reporters.JUnitReportReporter -->
<testsuite hostname="pt-in-ssingh" failures="0" tests="1" name="pom.test" time="29.957" errors="0" timestamp="2022-07-30T09:23:19 IST" skipped="0">
  <testcase classname="pom.test" name="verify" time="29.957"/>
  <system-out/>
</testsuite> <!-- pom.test -->
