<?xml version="1.0" encoding="UTF-8"?>
<!-- Generated by org.testng.reporters.JUnitReportReporter -->
<testsuite hostname="pt-in-ssingh" failures="0" tests="1" name="testng.normaltestng" time="10.462" errors="0" timestamp="2022-07-18T15:09:15 IST" skipped="0">
  <testcase classname="testng.normaltestng" name="openbrowser" time="10.462"/>
  <system-out/>
</testsuite> <!-- testng.normaltestng -->
