<?xml version="1.0" encoding="UTF-8"?>
<!-- Generated by org.testng.reporters.JUnitReportReporter -->
<testsuite hostname="pt-in-ssingh" failures="0" tests="1" name="pomtestng.test" time="25.604" errors="0" timestamp="2022-07-23T17:30:50 IST" skipped="0">
  <testcase classname="pomtestng.test" name="verifyuserid" time="25.604"/>
  <system-out/>
</testsuite> <!-- pomtestng.test -->
