<?xml version="1.0" encoding="UTF-8"?>
<!-- Generated by org.testng.reporters.JUnitReportReporter -->
<testsuite hostname="pt-in-ssingh" failures="0" tests="3" name="testng.repot" time="0.026" errors="0" timestamp="2022-07-22T16:45:54 IST" skipped="0">
  <testcase classname="testng.repot" name="TC2" time="0.002"/>
  <system-out/>
  <testcase classname="testng.repot" name="TC3" time="0.003"/>
  <system-out/>
  <testcase classname="testng.repot" name="TC1" time="0.021"/>
  <system-out/>
</testsuite> <!-- testng.repot -->
